
ROM used: 25800 (79%)
          25800 (79%) including unused fragments

          5 Average locations per line
          17 Average locations per statement

RAM used: 217 (14%) at main() level
          356 (23%) worst case

Stack used: 10 worst case (out of 31 total available)

Lines Stmts  %   Files
----- ----- ---  -----
 1094   754  51  tracker2.c
  397     0   0  C:\Program Files\PICC\devices\18F458.h
 1493   380  25  C:\Program Files\PICC\drivers\stdlib.h
   28     0   0  C:\Program Files\PICC\drivers\stddef.h
  409   121   8  C:\Program Files\PICC\drivers\string.h
   28     0   0  C:\Program Files\PICC\drivers\ctype.h
 2104   238  16  C:\Program Files\PICC\drivers\math.h
----- -----
 5553  1493 Total

Page ROM  %  RAM   Vol Diff  Functions:
---- --- --- ---   --- ----  ----------
0     50   0   5   129  4.6  strlen
0     32   0   5             @MUL1616
0    246   0  11             @MULFF
0     54   0   2             @ITOF
0    632   1  16             @ADDFF
0    350   1  14             @DIVFF
0    488   1  11  1817 10.4  atol
0    670   1  16  1882 11.0  atoi32
0    476   1  23  1084 11.8  itoa
0    102   0  14             @MUL3232
0    272   1  14             @DIVS3232
0     66   0   5             @DIV1616
0    886   2  20  1124 10.7  CEIL_FLOOR
0    122   0  10             @FLT
0     60   0   4             @SFTOI
0     28   0   4    43  2.1  floor
0     30   0   4    44  1.9  ceil
0    362   1  21   257  7.2  fmod
0    298   1  21   494 10.7  sqrt
0    904   2  44  1126 10.4  cos
0     78   0   8    44  1.9  sin
0    158   0  12   176  4.3  tan
0   1032   2  30  1040  7.9  ASIN_COS
0     58   0   8    80  3.0  acos
0   1322   3  25  1082  6.9  atan
0     40   0   1             @delay_ms1
0     30   0   0             @const486
0     34   0   0   386  1.9  init_rs232
0    364   1   7  1143  6.2  read_eeprom_data
0     26   0   0             @MEMSET
0    380   1   8   720  6.9  write_eeprom_data
0     12   0   0    37  1.1  init_ext_flash
0    104   0  10   310  4.8  ext_flash_getBytes
0     88   0   7   357  2.4  ext_flash_readPage
0     48   0   3   176  4.7  ext_flash_sendData
0     62   0   5   178  4.4  ext_flash_send16Data
0    310   1   3  2234  6.5  ext_flash_waitUntilReady
0     64   0   1   287  3.7  ext_flash_block_erase
0    134   0   3   442  6.0  ext_flash_buffer1_read
0     66   0   2             @PRINTF_X_57600_31766_31767
0     94   0   4   420  6.2  ext_flash_buffer1_write
0     56   0   2   147  1.8  ext_flash_write_buffer1_to_main_memory
0     48   0   2   147  1.8  ext_flash_main_memory_to_buffer1
0     58   0   1   169  2.7  lcd_send_nibble
0     40   0   4   162  3.6  lcd_send_cmd
0    176   0   1   588  4.3  lcd_init
0     40   0   5   139  4.5  lcd_gotoxy
0     82   0   1   272  4.1  lcd_putc
0     40   0   5   135  4.7  lcd_put_str
0   2760   5  12  4031  7.6  print_date_time
0     54   0   4             @DTOF
0     64   0   5             @FTOSD
0    122   0  13             @DIV3232
0     36   0   0             @const613
0     36   0   0             @const614
0     30   0   0             @const615
0    226   0   8   837  6.8  download_sun_table
0     32   0   0             @const620
0    154   0  22   429  5.2  print_page_data
0    136   0  18   224  5.0  get_timer_index
0    154   0   9    88  3.2  find_day_number
0    526   1  21   610  8.9  current_sun_angle
0    552   1  15  2440 11.9  move_act
0    178   0   9             @PRINTF_LU_599
0   1380   3  11  1905  9.4  task1
0     34   0   0             @const654
0    788   2  31   411  4.9  get_backtrack_angle
0    258   0   4   388  5.6  timer1_ovf
0    190   0   4   715  7.5  recive_cmd
0   1688   3  65  1092  6.1  actuator_length
0   1690   3   8  4388  8.9  process_cmd_msg
0     46   0   0             @const685
0    220   0   9             @PRINTF_LD_57600_31766_31767
0     40   0   0             @const688
0     56   0   0             @const689
0     38   0   0             @const690
0    164   0   9             @PRINTF_LU_57600_31766_31767
0     40   0   0             @const693
0     40   0   0             @const694
0     46   0   0             @const695
0     40   0   3             @DIV88
0    208   0   6             @PRINTF_D_57600_31766_31767
0     38   0   0             @const702
0    202   0  12             @PRINTF_L32U_57600_31766_31767
0     38   0   0             @const705
0     82   0   0             @goto12477
0    346   1   3   338  2.7  print_len_and_tick
0   1648   3  14  5440 10.9  MAIN
0     54   0   0             @const717
0     28   0   0             @const718

Program metrics:
    Functions               50
    Statements              1493
    Comments                1289
    Volume (V)              73416
    Difficilty (D)          290.5
    Effort to implement (E) 21325346
    Time to implement (T)   329 hours, 6 minutes
    Est Delivered Bugs (B)  26
    Cyclomatic Complexity   161
    Maintainability (MI)    127

 Segment     Used  Free
-----------  ----  ----
00000-00002     4  0  
00004-00006     0  4  
00008-000A8   162  0  
000AA-07FFE  25634  6964  



