
ROM used: 27146 (83%)
          27146 (83%) including unused fragments

          5 Average locations per line
          18 Average locations per statement

RAM used: 269 (18%) at main() level
          376 (24%) worst case

Stack used: 10 worst case (out of 31 total available)

Lines Stmts  %   Files
----- ----- ---  -----
 1100   756  51  tracker2_2.c
  397     0   0  C:\Program Files\PICC\devices\18F458.h
 1493   380  25  C:\Program Files\PICC\drivers\stdlib.h
   28     0   0  C:\Program Files\PICC\drivers\stddef.h
  409   121   8  C:\Program Files\PICC\drivers\string.h
   28     0   0  C:\Program Files\PICC\drivers\ctype.h
 2104   238  16  C:\Program Files\PICC\drivers\math.h
----- -----
 5559  1495 Total

Page ROM  %  RAM   Vol Diff  Functions:
---- --- --- ---   --- ----  ----------
0     58   0   5   129  4.6  strlen
0     36   0   5             @MUL1616
0    246   0  11             @MULFF
0     54   0   2             @ITOF
0    632   1  16             @ADDFF
0    350   1  14             @DIVFF
0    496   1  11  1817 10.4  atol
0    674   1  16  1882 11.0  atoi32
0    484   1  23  1084 11.8  itoa
0     90   0  14             @MUL3232
0    214   0  14             @DIVS3232
0     70   0   5             @DIV1616
0    886   2  20  1124 10.7  CEIL_FLOOR
0    122   0  10             @FLT
0     60   0   4             @SFTOI
0     28   0   4    43  2.1  floor
0     30   0   4    44  1.9  ceil
0    362   1  21   257  7.2  fmod
0    298   1  21   494 10.7  sqrt
0    904   2  44  1126 10.4  cos
0     78   0   8    44  1.9  sin
0    158   0  12   176  4.3  tan
0   1032   2  30  1040  7.9  ASIN_COS
0     62   0   8    80  3.0  acos
0   1322   2  25  1082  6.9  atan
0     42   0   1             @delay_ms1
0     30   0   0             @const486
0     34   0   0   386  1.9  init_rs232
0    392   1   7  1143  6.2  read_eeprom_data
0     30   0   0             @MEMSET
0    384   1   8   720  6.9  write_eeprom_data
0     12   0   0    37  1.1  init_ext_flash
0     96   0  10   310  4.8  ext_flash_getBytes
0    112   0   7   357  2.4  ext_flash_readPage
0     52   0   3   176  4.7  ext_flash_sendData
0     66   0   5   178  4.4  ext_flash_send16Data
0    314   1   3  2234  6.5  ext_flash_waitUntilReady
0     88   0   1   287  3.7  ext_flash_block_erase
0    170   0   3   442  6.0  ext_flash_buffer1_read
0     70   0   2             @PRINTF_X_57600_31766_31767
0    118   0   4   420  6.2  ext_flash_buffer1_write
0     68   0   2   147  1.8  ext_flash_write_buffer1_to_main_memory
0     68   0   2   147  1.8  ext_flash_main_memory_to_buffer1
0     62   0   1   169  2.7  lcd_send_nibble
0     48   0   4   162  3.6  lcd_send_cmd
0    216   0   1   588  4.3  lcd_init
0     48   0   5   139  4.5  lcd_gotoxy
0    106   0   1   272  4.1  lcd_putc
0     48   0   5   135  4.7  lcd_put_str
0   3186   6  12  4031  7.6  print_date_time
0     58   0   4             @DTOF
0     68   0   5             @FTOSD
0    128   0  13             @DIV3232
0     36   0   0             @const626
0     36   0   0             @const627
0     30   0   0             @const628
0    262   0   8   837  6.8  download_sun_table
0     32   0   0             @const633
0    172   0  22   429  5.2  print_page_data
0    146   0  18   224  5.0  get_timer_index
0    162   0   9    88  3.2  find_day_number
0    568   1  21   610  8.9  current_sun_angle
0    634   1  15  2440 11.9  move_act
0    188   0   9             @PRINTF_LU_612
0   1542   3  11  1880  9.4  task1
0     34   0   0             @const667
0    792   1  31   411  4.9  get_backtrack_angle
0    258   0   4   388  5.6  timer1_ovf
0    190   0   4   715  7.5  recive_cmd
0   1688   3  17   913  5.3  actuator_length
0   1786   3   8  4265  8.9  process_cmd_msg
0     46   0   0             @const686
0    226   0   9             @PRINTF_LD_57600_31766_31767
0     40   0   0             @const689
0     56   0   0             @const690
0     38   0   0             @const691
0    170   0   9             @PRINTF_LU_57600_31766_31767
0     40   0   0             @const694
0     40   0   0             @const695
0     46   0   0             @const696
0     44   0   3             @DIV88
0    220   0   6             @PRINTF_D_57600_31766_31767
0     38   0   0             @const703
0    222   0  12             @PRINTF_L32U_57600_31766_31767
0     38   0   0             @const706
0     82   0   0             @goto12479
0    390   1   3   338  2.7  print_len_and_tick
0   1746   3  14  5460 10.9  MAIN
0     54   0   0             @const718
0     28   0   0             @const719

Program metrics:
    Functions               50
    Statements              1495
    Comments                1292
    Volume (V)              72934
    Difficilty (D)          289.6
    Effort to implement (E) 21124660
    Time to implement (T)   326 hours, 0 minutes
    Est Delivered Bugs (B)  25
    Cyclomatic Complexity   161
    Maintainability (MI)    127

 Segment     Used  Free
-----------  ----  ----
00000-00002     4  0  
00004-00006     0  4  
00008-000A8   162  0  
000AA-07FFE  26980  5618  



