
ROM used: 16936 (52%)
          16936 (52%) including unused fragments

          5 Average locations per line
          13 Average locations per statement

RAM used: 439 (29%) at main() level
          479 (31%) worst case

Stack used: 8 worst case (out of 31 total available)

Lines Stmts  %   Files
----- ----- ---  -----
  420   362  29  main_direct_comm.c
  638   401  32  solar_lib.h
  397     0   0  C:\Program Files\PICC\devices\18F458.h
 1493   380  30  C:\Program Files\PICC\drivers\stdlib.h
   28     0   0  C:\Program Files\PICC\drivers\stddef.h
  409   121  10  C:\Program Files\PICC\drivers\string.h
   28     0   0  C:\Program Files\PICC\drivers\ctype.h
----- -----
 3413  1264 Total

Page ROM  %  RAM   Vol Diff  Functions:
---- --- --- ---   --- ----  ----------
0     58   0   5   129  4.6  strlen
0     78   0   2             @MUL88
0     36   0   5             @MUL1616
0    418   1   9  1815 10.5  atoi
0    496   1  11  1817 10.4  atol
0    674   2  16  1882 11.0  atoi32
0    484   1  23  1084 11.8  itoa
0     90   0  14             @MUL3232
0    214   1  14             @DIVS3232
0     42   0   1             @delay_ms1
0     32   0   0   386  1.9  init_rs232
0     90   0   0   272  2.3  flash_read_mfg_id
0     52   0   0   119  1.7  flash_read_stat
0     44   0   2   176  4.8  flash_wait_until_ready
0    126   0   4   404  2.4  flash_read_page
0     98   0   2   343  5.1  flash_block_erase
0     86   0   2   245  1.9  flash_buffer1_read
0     66   0   0   143  1.3  flash_set_256_page_size
0     72   0   3   204  1.8  flash_write_buffer1_to_main_memory
0    146   0   6   630  6.2  flash_write_page
0     62   0   3   181  1.8  flash_read_main_memory_to_buffer1
0    778   2   6   808  4.9  print_date_time
0     40   0   0             @const450
0    128   0  13             @DIV3232
0    222   1  12             @PRINTF_L32U_38400_31766_31767
0     36   0   0             @const456
0    164   0   6   332  4.7  print_page_data
0     70   0   2             @PRINTF_X_38400_31766_31767
0    136   0   0   483  2.4  solar_load_parameter_from_flash
0    648   2   4   822  4.8  print_fw_info
0     52   0   0             @const475
0    170   1   9             @PRINTF_LU_38400_31766_31767
0     52   0   0             @const478
0     54   0   0             @const479
0     46   0   0             @const480
0     48   0   0             @const481
0     48   0   0             @const482
0     52   0   0   176  2.3  display_LED
0   1336   4  21  2132 11.9  solar_get_act_length
0     52   0   0             @const498
0    884   3  14  4257 13.9  move_act
0     44   0   0             @goto11700
0     44   0   0             @goto11721
0     44   0   0             @goto11749
0     44   0   0             @goto11794
0    226   1   9             @PRINTF_LD_38400_31766_31767
0    432   1   5   574  5.7  actuator_move_execute
0    682   2   9  1594  7.2  read_eeprom_data
0     30   0   0             @MEMSET
0    582   2  10  1226  7.3  write_eeprom_data
0     72   0   1   380  4.7  button_scan
0    576   2   4  1895 10.8  timer1_ovf
0     24   0   0    52  1.9  init_spi
0    120   0   4   494  8.0  recive_cmd
0   2442   7   9  5933 11.4  process_cmd_msg
0     44   0   0             @const537
0     40   0   0             @const538
0     56   0   0             @const539
0     54   0   0             @const540
0     46   0   0             @const541
0     38   0   0             @const543
0     50   0   0             @const546
0     44   0   0             @const547
0     54   0   0             @const548
0     44   0   3             @DIV88
0    220   1   6             @PRINTF_D_38400_31766_31767
0     46   0   0             @const555
0     44   0   0             @const556
0     38   0   0             @const557
0     86   0   0             @goto12337
0    984   3  12  2552 10.9  button_menu
0     48   0   0             @goto12401
0    958   3   9  2138  7.9  MAIN
0     34   0   0             @const570

Program metrics:
    Functions               33
    Statements              1264
    Comments                976
    Volume (V)              59004
    Difficilty (D)          198.8
    Effort to implement (E) 11728766
    Time to implement (T)   181 hours, 0 minutes
    Est Delivered Bugs (B)  17
    Cyclomatic Complexity   160
    Maintainability (MI)    114

 Segment     Used  Free
-----------  ----  ----
00000-00002     4  0  
00004-00006     0  4  
00008-000A8   162  0  
000AA-07FFE  16770  15828  



